Determining if the pthread_create exist failed with the following output:
Change Dir: /home/alex.sun/projects/mjpg-streamer/mjpg-streamer/mjpg-streamer-experimental/_build/CMakeFiles/CMakeTmp

Run Build Command:"/usr/bin/make" "cmTC_c2fd5/fast"
make[1]: Entering directory `/home/alex.sun/projects/mjpg-streamer/mjpg-streamer/mjpg-streamer-experimental/_build/CMakeFiles/CMakeTmp'
/usr/bin/make -f CMakeFiles/cmTC_c2fd5.dir/build.make CMakeFiles/cmTC_c2fd5.dir/build
make[2]: Entering directory `/home/alex.sun/projects/mjpg-streamer/mjpg-streamer/mjpg-streamer-experimental/_build/CMakeFiles/CMakeTmp'
Building C object CMakeFiles/cmTC_c2fd5.dir/CheckSymbolExists.c.o
/usr/bin/cc    -o CMakeFiles/cmTC_c2fd5.dir/CheckSymbolExists.c.o   -c /home/alex.sun/projects/mjpg-streamer/mjpg-streamer/mjpg-streamer-experimental/_build/CMakeFiles/CMakeTmp/CheckSymbolExists.c
Linking C executable cmTC_c2fd5
/usr/bin/cmake -E cmake_link_script CMakeFiles/cmTC_c2fd5.dir/link.txt --verbose=1
/usr/bin/cc      -rdynamic CMakeFiles/cmTC_c2fd5.dir/CheckSymbolExists.c.o  -o cmTC_c2fd5 
CMakeFiles/cmTC_c2fd5.dir/CheckSymbolExists.c.o: In function `main':
CheckSymbolExists.c:(.text+0x16): undefined reference to `pthread_create'
collect2: ld returned 1 exit status
make[2]: *** [cmTC_c2fd5] Error 1
make[2]: Leaving directory `/home/alex.sun/projects/mjpg-streamer/mjpg-streamer/mjpg-streamer-experimental/_build/CMakeFiles/CMakeTmp'
make[1]: *** [cmTC_c2fd5/fast] Error 2
make[1]: Leaving directory `/home/alex.sun/projects/mjpg-streamer/mjpg-streamer/mjpg-streamer-experimental/_build/CMakeFiles/CMakeTmp'

File /home/alex.sun/projects/mjpg-streamer/mjpg-streamer/mjpg-streamer-experimental/_build/CMakeFiles/CMakeTmp/CheckSymbolExists.c:
/* */
#include <pthread.h>

int main(int argc, char** argv)
{
  (void)argv;
#ifndef pthread_create
  return ((int*)(&pthread_create))[argc];
#else
  (void)argc;
  return 0;
#endif
}

Determining if the function pthread_create exists in the pthreads failed with the following output:
Change Dir: /home/alex.sun/projects/mjpg-streamer/mjpg-streamer/mjpg-streamer-experimental/_build/CMakeFiles/CMakeTmp

Run Build Command:"/usr/bin/make" "cmTC_0537b/fast"
make[1]: Entering directory `/home/alex.sun/projects/mjpg-streamer/mjpg-streamer/mjpg-streamer-experimental/_build/CMakeFiles/CMakeTmp'
/usr/bin/make -f CMakeFiles/cmTC_0537b.dir/build.make CMakeFiles/cmTC_0537b.dir/build
make[2]: Entering directory `/home/alex.sun/projects/mjpg-streamer/mjpg-streamer/mjpg-streamer-experimental/_build/CMakeFiles/CMakeTmp'
Building C object CMakeFiles/cmTC_0537b.dir/CheckFunctionExists.c.o
/usr/bin/cc   -DCHECK_FUNCTION_EXISTS=pthread_create   -o CMakeFiles/cmTC_0537b.dir/CheckFunctionExists.c.o   -c /usr/share/cmake-3.10/Modules/CheckFunctionExists.c
Linking C executable cmTC_0537b
/usr/bin/cmake -E cmake_link_script CMakeFiles/cmTC_0537b.dir/link.txt --verbose=1
/usr/bin/cc  -DCHECK_FUNCTION_EXISTS=pthread_create    -rdynamic CMakeFiles/cmTC_0537b.dir/CheckFunctionExists.c.o  -o cmTC_0537b -lpthreads 
/usr/bin/ld: cannot find -lpthreads
collect2: ld returned 1 exit status
make[2]: *** [cmTC_0537b] Error 1
make[2]: Leaving directory `/home/alex.sun/projects/mjpg-streamer/mjpg-streamer/mjpg-streamer-experimental/_build/CMakeFiles/CMakeTmp'
make[1]: *** [cmTC_0537b/fast] Error 2
make[1]: Leaving directory `/home/alex.sun/projects/mjpg-streamer/mjpg-streamer/mjpg-streamer-experimental/_build/CMakeFiles/CMakeTmp'


